# JRE version: Java(TM) SE Runtime Environment (8.0_151-b12) (build 1.8.0_151-b12)
# Java VM: Java HotSpot(TM) 64-Bit Server VM (25.151-b12 mixed mode linux-amd64 compressed oops)
Heap:
 PSYoungGen      total 220160K, used 15360K [0x00000000ebb80000, 0x00000000fa180000, 0x0000000100000000)
  eden space 204800K, 0% used [0x00000000ebb80000,0x00000000ebb80000,0x00000000f8380000)
  from space 15360K, 100% used [0x00000000f8380000,0x00000000f9280000,0x00000000f9280000)
  to   space 13824K, 0% used [0x00000000f9300000,0x00000000f9300000,0x00000000fa080000)
 ParOldGen       total 54272K, used 41133K [0x00000000c3200000, 0x00000000c6700000, 0x00000000ebb80000)
  object space 54272K, 75% used [0x00000000c3200000,0x00000000c5a2b668,0x00000000c6700000)
 Metaspace       used 54246K, capacity 55830K, committed 56064K, reserved 1097728K
  class space    used 7222K, capacity 7663K, committed 7680K, reserved 1048576K
GC Heap History (10 events):
Event: 9,233 GC heap after
Heap after GC invocations=12 (full 1):
 PSYoungGen      total 134144K, used 8181K [0x00000000ebb80000, 0x00000000f6e80000, 0x0000000100000000)
  eden space 125952K, 0% used [0x00000000ebb80000,0x00000000ebb80000,0x00000000f3680000)
  from space 8192K, 99% used [0x00000000f3680000,0x00000000f3e7d5d0,0x00000000f3e80000)
  to   space 10240K, 0% used [0x00000000f6480000,0x00000000f6480000,0x00000000f6e80000)
 ParOldGen       total 38400K, used 13825K [0x00000000c3200000, 0x00000000c5780000, 0x00000000ebb80000)
  object space 38400K, 36% used [0x00000000c3200000,0x00000000c3f80598,0x00000000c5780000)
 Metaspace       used 34356K, capacity 34958K, committed 35328K, reserved 1079296K
  class space    used 4622K, capacity 4846K, committed 4864K, reserved 1048576K
}
Event: 9,685 GC heap before
{Heap before GC invocations=13 (full 1):
 PSYoungGen      total 134144K, used 20762K [0x00000000ebb80000, 0x00000000f6e80000, 0x0000000100000000)
  eden space 125952K, 9% used [0x00000000ebb80000,0x00000000ec7c9498,0x00000000f3680000)
  from space 8192K, 99% used [0x00000000f3680000,0x00000000f3e7d5d0,0x00000000f3e80000)
  to   space 10240K, 0% used [0x00000000f6480000,0x00000000f6480000,0x00000000f6e80000)
 ParOldGen       total 38400K, used 13825K [0x00000000c3200000, 0x00000000c5780000, 0x00000000ebb80000)
  object space 38400K, 36% used [0x00000000c3200000,0x00000000c3f80598,0x00000000c5780000)
 Metaspace       used 34656K, capacity 35214K, committed 35416K, reserved 1079296K
  class space    used 4667K, capacity 4846K, committed 4864K, reserved 1048576K
Event: 9,715 GC heap after
Heap after GC invocations=13 (full 1):
 PSYoungGen      total 173056K, used 3165K [0x00000000ebb80000, 0x00000000f7780000, 0x0000000100000000)
  eden space 162816K, 0% used [0x00000000ebb80000,0x00000000ebb80000,0x00000000f5a80000)
  from space 10240K, 30% used [0x00000000f6480000,0x00000000f6797718,0x00000000f6e80000)
  to   space 10240K, 0% used [0x00000000f5a80000,0x00000000f5a80000,0x00000000f6480000)
 ParOldGen       total 38400K, used 16570K [0x00000000c3200000, 0x00000000c5780000, 0x00000000ebb80000)
  object space 38400K, 43% used [0x00000000c3200000,0x00000000c422e870,0x00000000c5780000)
 Metaspace       used 34656K, capacity 35214K, committed 35416K, reserved 1079296K
  class space    used 4667K, capacity 4846K, committed 4864K, reserved 1048576K
}
Event: 9,716 GC heap before
{Heap before GC invocations=14 (full 2):
 PSYoungGen      total 173056K, used 3165K [0x00000000ebb80000, 0x00000000f7780000, 0x0000000100000000)
  eden space 162816K, 0% used [0x00000000ebb80000,0x00000000ebb80000,0x00000000f5a80000)
  from space 10240K, 30% used [0x00000000f6480000,0x00000000f6797718,0x00000000f6e80000)
  to   space 10240K, 0% used [0x00000000f5a80000,0x00000000f5a80000,0x00000000f6480000)
 ParOldGen       total 38400K, used 16570K [0x00000000c3200000, 0x00000000c5780000, 0x00000000ebb80000)
  object space 38400K, 43% used [0x00000000c3200000,0x00000000c422e870,0x00000000c5780000)
 Metaspace       used 34656K, capacity 35214K, committed 35416K, reserved 1079296K
  class space    used 4667K, capacity 4846K, committed 4864K, reserved 1048576K
Event: 9,924 GC heap after
Heap after GC invocations=14 (full 2):
 PSYoungGen      total 173056K, used 0K [0x00000000ebb80000, 0x00000000f7780000, 0x0000000100000000)
  eden space 162816K, 0% used [0x00000000ebb80000,0x00000000ebb80000,0x00000000f5a80000)
  from space 10240K, 0% used [0x00000000f6480000,0x00000000f6480000,0x00000000f6e80000)
  to   space 10240K, 0% used [0x00000000f5a80000,0x00000000f5a80000,0x00000000f6480000)
 ParOldGen       total 54272K, used 14926K [0x00000000c3200000, 0x00000000c6700000, 0x00000000ebb80000)
  object space 54272K, 27% used [0x00000000c3200000,0x00000000c4093888,0x00000000c6700000)
 Metaspace       used 34600K, capacity 35094K, committed 35416K, reserved 1079296K
  class space    used 4652K, capacity 4806K, committed 4864K, reserved 1048576K
}
Event: 26,452 GC heap before
{Heap before GC invocations=15 (full 2):
 PSYoungGen      total 173056K, used 162816K [0x00000000ebb80000, 0x00000000f7780000, 0x0000000100000000)
  eden space 162816K, 100% used [0x00000000ebb80000,0x00000000f5a80000,0x00000000f5a80000)
  from space 10240K, 0% used [0x00000000f6480000,0x00000000f6480000,0x00000000f6e80000)
  to   space 10240K, 0% used [0x00000000f5a80000,0x00000000f5a80000,0x00000000f6480000)
 ParOldGen       total 54272K, used 14926K [0x00000000c3200000, 0x00000000c6700000, 0x00000000ebb80000)
  object space 54272K, 27% used [0x00000000c3200000,0x00000000c4093888,0x00000000c6700000)
 Metaspace       used 45968K, capacity 46840K, committed 47232K, reserved 1089536K
  class space    used 6158K, capacity 6442K, committed 6528K, reserved 1048576K
Event: 26,503 GC heap after
Heap after GC invocations=15 (full 2):
 PSYoungGen      total 173056K, used 10239K [0x00000000ebb80000, 0x00000000fa080000, 0x0000000100000000)
  eden space 162816K, 0% used [0x00000000ebb80000,0x00000000ebb80000,0x00000000f5a80000)
  from space 10240K, 99% used [0x00000000f5a80000,0x00000000f647fe30,0x00000000f6480000)
  to   space 13824K, 0% used [0x00000000f9300000,0x00000000f9300000,0x00000000fa080000)
 ParOldGen       total 54272K, used 20992K [0x00000000c3200000, 0x00000000c6700000, 0x00000000ebb80000)
  object space 54272K, 38% used [0x00000000c3200000,0x00000000c4680350,0x00000000c6700000)
 Metaspace       used 45968K, capacity 46840K, committed 47232K, reserved 1089536K
  class space    used 6158K, capacity 6442K, committed 6528K, reserved 1048576K
}
Event: 39,824 GC heap before
{Heap before GC invocations=16 (full 2):
 PSYoungGen      total 173056K, used 173055K [0x00000000ebb80000, 0x00000000fa080000, 0x0000000100000000)
  eden space 162816K, 100% used [0x00000000ebb80000,0x00000000f5a80000,0x00000000f5a80000)
  from space 10240K, 99% used [0x00000000f5a80000,0x00000000f647fe30,0x00000000f6480000)
  to   space 13824K, 0% used [0x00000000f9300000,0x00000000f9300000,0x00000000fa080000)
 ParOldGen       total 54272K, used 20992K [0x00000000c3200000, 0x00000000c6700000, 0x00000000ebb80000)
  object space 54272K, 38% used [0x00000000c3200000,0x00000000c4680350,0x00000000c6700000)
 Metaspace       used 50905K, capacity 52282K, committed 52608K, reserved 1095680K
  class space    used 6834K, capacity 7199K, committed 7296K, reserved 1048576K
Event: 40,099 GC heap after
Heap after GC invocations=16 (full 2):
 PSYoungGen      total 218624K, used 12108K [0x00000000ebb80000, 0x00000000fa180000, 0x0000000100000000)
  eden space 204800K, 0% used [0x00000000ebb80000,0x00000000ebb80000,0x00000000f8380000)
  from space 13824K, 87% used [0x00000000f9300000,0x00000000f9ed33e8,0x00000000fa080000)
  to   space 15360K, 0% used [0x00000000f8380000,0x00000000f8380000,0x00000000f9280000)
 ParOldGen       total 54272K, used 30996K [0x00000000c3200000, 0x00000000c6700000, 0x00000000ebb80000)
  object space 54272K, 57% used [0x00000000c3200000,0x00000000c5045130,0x00000000c6700000)
 Metaspace       used 50905K, capacity 52282K, committed 52608K, reserved 1095680K
  class space    used 6834K, capacity 7199K, committed 7296K, reserved 1048576K
}
Event: 263,092 GC heap before
{Heap before GC invocations=17 (full 2):
 PSYoungGen      total 218624K, used 216908K [0x00000000ebb80000, 0x00000000fa180000, 0x0000000100000000)
  eden space 204800K, 100% used [0x00000000ebb80000,0x00000000f8380000,0x00000000f8380000)
  from space 13824K, 87% used [0x00000000f9300000,0x00000000f9ed33e8,0x00000000fa080000)
  to   space 15360K, 0% used [0x00000000f8380000,0x00000000f8380000,0x00000000f9280000)
 ParOldGen       total 54272K, used 30996K [0x00000000c3200000, 0x00000000c6700000, 0x00000000ebb80000)
  object space 54272K, 57% used [0x00000000c3200000,0x00000000c5045130,0x00000000c6700000)
 Metaspace       used 54246K, capacity 55830K, committed 56064K, reserved 1097728K
  class space    used 7222K, capacity 7663K, committed 7680K, reserved 1048576K

